This is pdfTeX, Version 3.141592653-2.6-1.40.24 (MiKTeX 22.11.25) (preloaded format=pdflatex 2022.11.28)  1 DEC 2022 11:54
entering extended mode
 restricted \write18 enabled.
 file:line:error style messages enabled.
 %&-line parsing enabled.
**d:/tanki/University/PHYSICS/lab/lab3/lab3.tex
(d:/tanki/University/PHYSICS/lab/lab3/lab3.tex
LaTeX2e <2022-11-01>
L3 programming layer <2022-11-02> (D:\Program Files\MiKTeX\tex/latex/base\report.cls
Document Class: report 2022/07/02 v1.4n Standard LaTeX document class
(D:\Program Files\MiKTeX\tex/latex/base\size12.clo
File: size12.clo 2022/07/02 v1.4n Standard LaTeX file (size option)
)
\c@part=\count185
\c@chapter=\count186
\c@section=\count187
\c@subsection=\count188
\c@subsubsection=\count189
\c@paragraph=\count190
\c@subparagraph=\count191
\c@figure=\count192
\c@table=\count193
\abovecaptionskip=\skip47
\belowcaptionskip=\skip48
\bibindent=\dimen140
) (C:\Users\tanki\AppData\Roaming\MiKTeX\tex/latex/cmap\cmap.sty
Package: cmap 2021/02/06 v1.0j CMap support: searchable PDF
) (D:\Program Files\MiKTeX\tex/latex/base\fontenc.sty
Package: fontenc 2021/04/29 v2.0v Standard LaTeX package
 (C:\Users\tanki\AppData\Roaming\MiKTeX\tex/latex/cyrillic\t2aenc.def
File: t2aenc.def 2022/06/11 v1.0j Cyrillic encoding definition file
Now handling font encoding T2A ...
... processing UTF-8 mapping file for font encoding T2A
 (D:\Program Files\MiKTeX\tex/latex/base\t2aenc.dfu
File: t2aenc.dfu 2022/06/07 v1.3c UTF-8 support
   defining Unicode char U+00A4 (decimal 164)
   defining Unicode char U+00A7 (decimal 167)
   defining Unicode char U+00AB (decimal 171)
   defining Unicode char U+00BB (decimal 187)
   defining Unicode char U+0131 (decimal 305)
   defining Unicode char U+0237 (decimal 567)
   defining Unicode char U+0400 (decimal 1024)
   defining Unicode char U+0401 (decimal 1025)
   defining Unicode char U+0402 (decimal 1026)
   defining Unicode char U+0403 (decimal 1027)
   defining Unicode char U+0404 (decimal 1028)
   defining Unicode char U+0405 (decimal 1029)
   defining Unicode char U+0406 (decimal 1030)
   defining Unicode char U+0407 (decimal 1031)
   defining Unicode char U+0408 (decimal 1032)
   defining Unicode char U+0409 (decimal 1033)
   defining Unicode char U+040A (decimal 1034)
   defining Unicode char U+040B (decimal 1035)
   defining Unicode char U+040C (decimal 1036)
   defining Unicode char U+040D (decimal 1037)
   defining Unicode char U+040E (decimal 1038)
   defining Unicode char U+040F (decimal 1039)
   defining Unicode char U+0410 (decimal 1040)
   defining Unicode char U+0411 (decimal 1041)
   defining Unicode char U+0412 (decimal 1042)
   defining Unicode char U+0413 (decimal 1043)
   defining Unicode char U+0414 (decimal 1044)
   defining Unicode char U+0415 (decimal 1045)
   defining Unicode char U+0416 (decimal 1046)
   defining Unicode char U+0417 (decimal 1047)
   defining Unicode char U+0418 (decimal 1048)
   defining Unicode char U+0419 (decimal 1049)
   defining Unicode char U+041A (decimal 1050)
   defining Unicode char U+041B (decimal 1051)
   defining Unicode char U+041C (decimal 1052)
   defining Unicode char U+041D (decimal 1053)
   defining Unicode char U+041E (decimal 1054)
   defining Unicode char U+041F (decimal 1055)
   defining Unicode char U+0420 (decimal 1056)
   defining Unicode char U+0421 (decimal 1057)
   defining Unicode char U+0422 (decimal 1058)
   defining Unicode char U+0423 (decimal 1059)
   defining Unicode char U+0424 (decimal 1060)
   defining Unicode char U+0425 (decimal 1061)
   defining Unicode char U+0426 (decimal 1062)
   defining Unicode char U+0427 (decimal 1063)
   defining Unicode char U+0428 (decimal 1064)
   defining Unicode char U+0429 (decimal 1065)
   defining Unicode char U+042A (decimal 1066)
   defining Unicode char U+042B (decimal 1067)
   defining Unicode char U+042C (decimal 1068)
   defining Unicode char U+042D (decimal 1069)
   defining Unicode char U+042E (decimal 1070)
   defining Unicode char U+042F (decimal 1071)
   defining Unicode char U+0430 (decimal 1072)
   defining Unicode char U+0431 (decimal 1073)
   defining Unicode char U+0432 (decimal 1074)
   defining Unicode char U+0433 (decimal 1075)
   defining Unicode char U+0434 (decimal 1076)
   defining Unicode char U+0435 (decimal 1077)
   defining Unicode char U+0436 (decimal 1078)
   defining Unicode char U+0437 (decimal 1079)
   defining Unicode char U+0438 (decimal 1080)
   defining Unicode char U+0439 (decimal 1081)
   defining Unicode char U+043A (decimal 1082)
   defining Unicode char U+043B (decimal 1083)
   defining Unicode char U+043C (decimal 1084)
   defining Unicode char U+043D (decimal 1085)
   defining Unicode char U+043E (decimal 1086)
   defining Unicode char U+043F (decimal 1087)
   defining Unicode char U+0440 (decimal 1088)
   defining Unicode char U+0441 (decimal 1089)
   defining Unicode char U+0442 (decimal 1090)
   defining Unicode char U+0443 (decimal 1091)
   defining Unicode char U+0444 (decimal 1092)
   defining Unicode char U+0445 (decimal 1093)
   defining Unicode char U+0446 (decimal 1094)
   defining Unicode char U+0447 (decimal 1095)
   defining Unicode char U+0448 (decimal 1096)
   defining Unicode char U+0449 (decimal 1097)
   defining Unicode char U+044A (decimal 1098)
   defining Unicode char U+044B (decimal 1099)
   defining Unicode char U+044C (decimal 1100)
   defining Unicode char U+044D (decimal 1101)
   defining Unicode char U+044E (decimal 1102)
   defining Unicode char U+044F (decimal 1103)
   defining Unicode char U+0450 (decimal 1104)
   defining Unicode char U+0451 (decimal 1105)
   defining Unicode char U+0452 (decimal 1106)
   defining Unicode char U+0453 (decimal 1107)
   defining Unicode char U+0454 (decimal 1108)
   defining Unicode char U+0455 (decimal 1109)
   defining Unicode char U+0456 (decimal 1110)
   defining Unicode char U+0457 (decimal 1111)
   defining Unicode char U+0458 (decimal 1112)
   defining Unicode char U+0459 (decimal 1113)
   defining Unicode char U+045A (decimal 1114)
   defining Unicode char U+045B (decimal 1115)
   defining Unicode char U+045C (decimal 1116)
   defining Unicode char U+045D (decimal 1117)
   defining Unicode char U+045E (decimal 1118)
   defining Unicode char U+045F (decimal 1119)
   defining Unicode char U+0490 (decimal 1168)
   defining Unicode char U+0491 (decimal 1169)
   defining Unicode char U+0492 (decimal 1170)
   defining Unicode char U+0493 (decimal 1171)
   defining Unicode char U+0496 (decimal 1174)
   defining Unicode char U+0497 (decimal 1175)
   defining Unicode char U+0498 (decimal 1176)
   defining Unicode char U+0499 (decimal 1177)
   defining Unicode char U+049A (decimal 1178)
   defining Unicode char U+049B (decimal 1179)
   defining Unicode char U+049C (decimal 1180)
   defining Unicode char U+049D (decimal 1181)
   defining Unicode char U+04A0 (decimal 1184)
   defining Unicode char U+04A1 (decimal 1185)
   defining Unicode char U+04A2 (decimal 1186)
   defining Unicode char U+04A3 (decimal 1187)
   defining Unicode char U+04A4 (decimal 1188)
   defining Unicode char U+04A5 (decimal 1189)
   defining Unicode char U+04AA (decimal 1194)
   defining Unicode char U+04AB (decimal 1195)
   defining Unicode char U+04AE (decimal 1198)
   defining Unicode char U+04AF (decimal 1199)
   defining Unicode char U+04B0 (decimal 1200)
   defining Unicode char U+04B1 (decimal 1201)
   defining Unicode char U+04B2 (decimal 1202)
   defining Unicode char U+04B3 (decimal 1203)
   defining Unicode char U+04B6 (decimal 1206)
   defining Unicode char U+04B7 (decimal 1207)
   defining Unicode char U+04B8 (decimal 1208)
   defining Unicode char U+04B9 (decimal 1209)
   defining Unicode char U+04BA (decimal 1210)
   defining Unicode char U+04BB (decimal 1211)
   defining Unicode char U+04C0 (decimal 1216)
   defining Unicode char U+04C1 (decimal 1217)
   defining Unicode char U+04C2 (decimal 1218)
   defining Unicode char U+04D0 (decimal 1232)
   defining Unicode char U+04D1 (decimal 1233)
   defining Unicode char U+04D2 (decimal 1234)
   defining Unicode char U+04D3 (decimal 1235)
   defining Unicode char U+04D4 (decimal 1236)
   defining Unicode char U+04D5 (decimal 1237)
   defining Unicode char U+04D6 (decimal 1238)
   defining Unicode char U+04D7 (decimal 1239)
   defining Unicode char U+04D8 (decimal 1240)
   defining Unicode char U+04D9 (decimal 1241)
   defining Unicode char U+04DA (decimal 1242)
   defining Unicode char U+04DB (decimal 1243)
   defining Unicode char U+04DC (decimal 1244)
   defining Unicode char U+04DD (decimal 1245)
   defining Unicode char U+04DE (decimal 1246)
   defining Unicode char U+04DF (decimal 1247)
   defining Unicode char U+04E2 (decimal 1250)
   defining Unicode char U+04E3 (decimal 1251)
   defining Unicode char U+04E4 (decimal 1252)
   defining Unicode char U+04E5 (decimal 1253)
   defining Unicode char U+04E6 (decimal 1254)
   defining Unicode char U+04E7 (decimal 1255)
   defining Unicode char U+04E8 (decimal 1256)
   defining Unicode char U+04E9 (decimal 1257)
   defining Unicode char U+04EC (decimal 1260)
   defining Unicode char U+04ED (decimal 1261)
   defining Unicode char U+04EE (decimal 1262)
   defining Unicode char U+04EF (decimal 1263)
   defining Unicode char U+04F0 (decimal 1264)
   defining Unicode char U+04F1 (decimal 1265)
   defining Unicode char U+04F2 (decimal 1266)
   defining Unicode char U+04F3 (decimal 1267)
   defining Unicode char U+04F4 (decimal 1268)
   defining Unicode char U+04F5 (decimal 1269)
   defining Unicode char U+04F8 (decimal 1272)
   defining Unicode char U+04F9 (decimal 1273)
   defining Unicode char U+200C (decimal 8204)
   defining Unicode char U+2013 (decimal 8211)
   defining Unicode char U+2014 (decimal 8212)
   defining Unicode char U+2018 (decimal 8216)
   defining Unicode char U+2019 (decimal 8217)
   defining Unicode char U+201C (decimal 8220)
   defining Unicode char U+201D (decimal 8221)
   defining Unicode char U+201E (decimal 8222)
   defining Unicode char U+2030 (decimal 8240)
   defining Unicode char U+2031 (decimal 8241)
   defining Unicode char U+2116 (decimal 8470)
   defining Unicode char U+2329 (decimal 9001)
   defining Unicode char U+3008 (decimal 12296)
   defining Unicode char U+232A (decimal 9002)
   defining Unicode char U+3009 (decimal 12297)
   defining Unicode char U+2423 (decimal 9251)
   defining Unicode char U+27E8 (decimal 10216)
   defining Unicode char U+27E9 (decimal 10217)
   defining Unicode char U+FB00 (decimal 64256)
   defining Unicode char U+FB01 (decimal 64257)
   defining Unicode char U+FB02 (decimal 64258)
   defining Unicode char U+FB03 (decimal 64259)
   defining Unicode char U+FB04 (decimal 64260)
   defining Unicode char U+FB05 (decimal 64261)
   defining Unicode char U+FB06 (decimal 64262)
))
LaTeX Font Info:    Trying to load font information for T2A+cmr on input line 112.
 (C:\Users\tanki\AppData\Roaming\MiKTeX\tex/latex/cyrillic\t2acmr.fd
File: t2acmr.fd 2001/08/11 v1.0a Computer Modern Cyrillic font definitions
)<<t2a.cmap>>) (D:\Program Files\MiKTeX\tex/latex/base\inputenc.sty
Package: inputenc 2021/02/14 v1.3d Input encoding file
\inpenc@prehook=\toks16
\inpenc@posthook=\toks17
) (D:\Program Files\MiKTeX\tex/generic/babel\babel.sty
Package: babel 2022/10/23 3.82 The Babel package
\babel@savecnt=\count194
\U@D=\dimen141
\l@unhyphenated=\language79
 (D:\Program Files\MiKTeX\tex/generic/babel\txtbabel.def)
\bbl@readstream=\read2
\bbl@dirlevel=\count195

*************************************
* Local config file bblopts.cfg used
*
(D:\Program Files\MiKTeX\tex/latex/arabi\bblopts.cfg
File: bblopts.cfg 2005/09/08 v0.1 add Arabic and Farsi to "declared" options of babel
) (C:\Users\tanki\AppData\Roaming\MiKTeX\tex/latex/babel-russian\russianb.ldf
File: russianb.ldf 2021/01/10 1.3m Russian support for the Babel system
Language: russian 2020/09/09 1.3k Russian support for the Babel system
Package babel Info: Making " an active character on input line 124.
Package babel Info: Default for \cyrdash is provided on input line 163.
)) (D:\Program Files\MiKTeX\tex/generic/babel/locale/ru\babel-russian.tex
Package babel Info: Importing font and identification data for russian
(babel)             from babel-ru.ini. Reported on input line 11.
) (D:\Program Files\MiKTeX\tex/latex/amsmath\amsmath.sty
Package: amsmath 2022/04/08 v2.17n AMS math features
\@mathmargin=\skip49

For additional information on amsmath, use the `?' option.
(D:\Program Files\MiKTeX\tex/latex/amsmath\amstext.sty
Package: amstext 2021/08/26 v2.01 AMS text
 (D:\Program Files\MiKTeX\tex/latex/amsmath\amsgen.sty
File: amsgen.sty 1999/11/30 v2.0 generic functions
\@emptytoks=\toks18
\ex@=\dimen142
)) (D:\Program Files\MiKTeX\tex/latex/amsmath\amsbsy.sty
Package: amsbsy 1999/11/29 v1.2d Bold Symbols
\pmbraise@=\dimen143
) (D:\Program Files\MiKTeX\tex/latex/amsmath\amsopn.sty
Package: amsopn 2022/04/08 v2.04 operator names
)
\inf@bad=\count196
LaTeX Info: Redefining \frac on input line 234.
\uproot@=\count197
\leftroot@=\count198
LaTeX Info: Redefining \overline on input line 399.
LaTeX Info: Redefining \colon on input line 410.
\classnum@=\count199
\DOTSCASE@=\count266
LaTeX Info: Redefining \ldots on input line 496.
LaTeX Info: Redefining \dots on input line 499.
LaTeX Info: Redefining \cdots on input line 620.
\Mathstrutbox@=\box51
\strutbox@=\box52
LaTeX Info: Redefining \big on input line 722.
LaTeX Info: Redefining \Big on input line 723.
LaTeX Info: Redefining \bigg on input line 724.
LaTeX Info: Redefining \Bigg on input line 725.
\big@size=\dimen144
LaTeX Font Info:    Redeclaring font encoding OML on input line 743.
LaTeX Font Info:    Redeclaring font encoding OMS on input line 744.
\macc@depth=\count267
LaTeX Info: Redefining \bmod on input line 905.
LaTeX Info: Redefining \pmod on input line 910.
LaTeX Info: Redefining \smash on input line 940.
LaTeX Info: Redefining \relbar on input line 970.
LaTeX Info: Redefining \Relbar on input line 971.
\c@MaxMatrixCols=\count268
\dotsspace@=\muskip16
\c@parentequation=\count269
\dspbrk@lvl=\count270
\tag@help=\toks19
\row@=\count271
\column@=\count272
\maxfields@=\count273
\andhelp@=\toks20
\eqnshift@=\dimen145
\alignsep@=\dimen146
\tagshift@=\dimen147
\tagwidth@=\dimen148
\totwidth@=\dimen149
\lineht@=\dimen150
\@envbody=\toks21
\multlinegap=\skip50
\multlinetaggap=\skip51
\mathdisplay@stack=\toks22
LaTeX Info: Redefining \[ on input line 2953.
LaTeX Info: Redefining \] on input line 2954.
) (D:\Program Files\MiKTeX\tex/latex/amsfonts\amsfonts.sty
Package: amsfonts 2013/01/14 v3.01 Basic AMSFonts support
\symAMSa=\mathgroup4
\symAMSb=\mathgroup5
LaTeX Font Info:    Redeclaring math symbol \hbar on input line 98.
LaTeX Font Info:    Overwriting math alphabet `\mathfrak' in version `bold'
(Font)                  U/euf/m/n --> U/euf/b/n on input line 106.
) (D:\Program Files\MiKTeX\tex/latex/amsfonts\amssymb.sty
Package: amssymb 2013/01/14 v3.01 AMS font symbols
) (D:\Program Files\MiKTeX\tex/latex/graphics\graphicx.sty
Package: graphicx 2021/09/16 v1.2d Enhanced LaTeX Graphics (DPC,SPQR)
 (D:\Program Files\MiKTeX\tex/latex/graphics\keyval.sty
Package: keyval 2022/05/29 v1.15 key=value parser (DPC)
\KV@toks@=\toks23
) (D:\Program Files\MiKTeX\tex/latex/graphics\graphics.sty
Package: graphics 2022/03/10 v1.4e Standard LaTeX Graphics (DPC,SPQR)
 (D:\Program Files\MiKTeX\tex/latex/graphics\trig.sty
Package: trig 2021/08/11 v1.11 sin cos tan (DPC)
) (D:\Program Files\MiKTeX\tex/latex/graphics-cfg\graphics.cfg
File: graphics.cfg 2016/06/04 v1.11 sample graphics configuration
)
Package graphics Info: Driver file: pdftex.def on input line 107.
 (D:\Program Files\MiKTeX\tex/latex/graphics-def\pdftex.def
File: pdftex.def 2022/09/22 v1.2b Graphics/color driver for pdftex
))
\Gin@req@height=\dimen151
\Gin@req@width=\dimen152
) (C:\Users\tanki\AppData\Roaming\MiKTeX\tex/latex/sidecap\sidecap.sty
Package: sidecap 2003/06/06 v1.6f SideCap Package (RN/HjG)
 (D:\Program Files\MiKTeX\tex/latex/base\ifthen.sty
Package: ifthen 2022/04/13 v1.1d Standard LaTeX ifthen package (DPC)
)
\SC@BOXWD=\dimen153
\SC@CAPWD=\dimen154
\SC@tempdima=\dimen155
\SC@tempdimb=\dimen156
\c@SC@C=\count274
\SC@BOX=\box53
) (C:\Users\tanki\AppData\Roaming\MiKTeX\tex/latex/wrapfig\wrapfig.sty
\wrapoverhang=\dimen157
\WF@size=\dimen158
\c@WF@wrappedlines=\count275
\WF@box=\box54
\WF@everypar=\toks24
Package: wrapfig 2003/01/31  v 3.6
) (D:\Program Files\MiKTeX\tex/latex/l3backend\l3backend-pdftex.def
File: l3backend-pdftex.def 2022-10-26 L3 backend support: PDF output (pdfTeX)
\l__color_backend_stack_int=\count276
\l__pdf_internal_box=\box55
) (lab3.aux)
\openout1 = `lab3.aux'.

LaTeX Font Info:    Checking defaults for OML/cmm/m/it on input line 14.
LaTeX Font Info:    ... okay on input line 14.
LaTeX Font Info:    Checking defaults for OMS/cmsy/m/n on input line 14.
LaTeX Font Info:    ... okay on input line 14.
LaTeX Font Info:    Checking defaults for OT1/cmr/m/n on input line 14.
LaTeX Font Info:    ... okay on input line 14.
LaTeX Font Info:    Checking defaults for T1/cmr/m/n on input line 14.
LaTeX Font Info:    ... okay on input line 14.
LaTeX Font Info:    Checking defaults for TS1/cmr/m/n on input line 14.
LaTeX Font Info:    ... okay on input line 14.
LaTeX Font Info:    Checking defaults for OMX/cmex/m/n on input line 14.
LaTeX Font Info:    ... okay on input line 14.
LaTeX Font Info:    Checking defaults for U/cmr/m/n on input line 14.
LaTeX Font Info:    ... okay on input line 14.
LaTeX Font Info:    Checking defaults for T2A/cmr/m/n on input line 14.
LaTeX Font Info:    ... okay on input line 14.
LaTeX Info: Redefining \th on input line 14.
 (D:\Program Files\MiKTeX\tex/context/base/mkii\supp-pdf.mkii
[Loading MPS to PDF converter (version 2006.09.02).]
\scratchcounter=\count277
\scratchdimen=\dimen159
\scratchbox=\box56
\nofMPsegments=\count278
\nofMParguments=\count279
\everyMPshowfont=\toks25
\MPscratchCnt=\count280
\MPscratchDim=\dimen160
\MPnumerator=\count281
\makeMPintoPDFobject=\count282
\everyMPtoPDFconversion=\toks26
) (D:\Program Files\MiKTeX\tex/latex/epstopdf-pkg\epstopdf-base.sty
Package: epstopdf-base 2020-01-24 v2.11 Base part for package epstopdf
Package epstopdf-base Info: Redefining graphics rule for `.eps' on input line 485.
 (D:\Program Files\MiKTeX\tex/latex/00miktex\epstopdf-sys.cfg
File: epstopdf-sys.cfg 2021/03/18 v2.0 Configuration of epstopdf for MiKTeX
)) (D:\Program Files\MiKTeX\tex/latex/ragged2e\ragged2e.sty
Package: ragged2e 2022/11/13 v3.2 ragged2e Package
\CenteringLeftskip=\skip52
\RaggedLeftLeftskip=\skip53
\RaggedRightLeftskip=\skip54
\CenteringRightskip=\skip55
\RaggedLeftRightskip=\skip56
\RaggedRightRightskip=\skip57
\CenteringParfillskip=\skip58
\RaggedLeftParfillskip=\skip59
\RaggedRightParfillskip=\skip60
\JustifyingParfillskip=\skip61
\CenteringParindent=\skip62
\RaggedLeftParindent=\skip63
\RaggedRightParindent=\skip64
\JustifyingParindent=\skip65
)<<ot1.cmap>><<oml.cmap>><<oms.cmap>><<omx.cmap>>
LaTeX Font Info:    Trying to load font information for U+msa on input line 35.
 (D:\Program Files\MiKTeX\tex/latex/amsfonts\umsa.fd
File: umsa.fd 2013/01/14 v3.01 AMS symbols A
)
LaTeX Font Info:    Trying to load font information for U+msb on input line 35.
 (D:\Program Files\MiKTeX\tex/latex/amsfonts\umsb.fd
File: umsb.fd 2013/01/14 v3.01 AMS symbols B
) [1

{C:/Users/tanki/AppData/Local/MiKTeX/fonts/map/pdftex/pdftex.map}]
<ustanovka.jpg, id=14, 134.30174pt x 187.29974pt>
File: ustanovka.jpg Graphic file (type jpg)
<use ustanovka.jpg>
Package pdftex.def Info: ustanovka.jpg  used on input line 50.
(pdftex.def)             Requested size: 77.99881pt x 108.77966pt.


d:/tanki/University/PHYSICS/lab/lab3/lab3.tex:55: LaTeX Error: Unicode character ÃÜ (U+0306)
               not set up for use with LaTeX.

See the LaTeX manual or LaTeX Companion for explanation.
Type  H <return>  for immediate help.
 ...                                              
                                                  
l.55 ...µ—Ä–∏—Å—Ç–∏–∫ –∫–æ–ª–µ–±–∞—Ç–µ–ª—å–Ω–æ–∏ÃÜ
                                                   —Å–∏—Å—Ç–µ–º—ã —Å –∑–∞—Ç—...
You may provide a definition with
\DeclareUnicodeCharacter 


d:/tanki/University/PHYSICS/lab/lab3/lab3.tex:55: LaTeX Error: Unicode character ÃÜ (U+0306)
               not set up for use with LaTeX.

See the LaTeX manual or LaTeX Companion for explanation.
Type  H <return>  for immediate help.
 ...                                              
                                                  
l.55 ...æ—Ç–Ω–æ—Å—Ç–∏ –∫–æ–ª–µ–±–∞—Ç–µ–ª—å–Ω–æ–∏ÃÜ
                                                   —Å–∏—Å—Ç–µ–º—ã).
You may provide a definition with
\DeclareUnicodeCharacter 


d:/tanki/University/PHYSICS/lab/lab3/lab3.tex:59: LaTeX Error: Unicode character ÃÜ (U+0306)
               not set up for use with LaTeX.

See the LaTeX manual or LaTeX Companion for explanation.
Type  H <return>  for immediate help.
 ...                                              
                                                  
l.59 –ü—Ä–∏–º–µ–Ω—è–µ–º—ã–∏ÃÜ
                              –≤ —Ä–∞–±–æ—Ç–µ –∫—Ä—É—Ç–∏–ª—å–Ω—ã–∏ÃÜ –º–∞—è—...
You may provide a definition with
\DeclareUnicodeCharacter 


d:/tanki/University/PHYSICS/lab/lab3/lab3.tex:59: LaTeX Error: Unicode character ÃÜ (U+0306)
               not set up for use with LaTeX.

See the LaTeX manual or LaTeX Companion for explanation.
Type  H <return>  for immediate help.
 ...                                              
                                                  
l.59 ...∏ÃÜ –≤ —Ä–∞–±–æ—Ç–µ –∫—Ä—É—Ç–∏–ª—å–Ω—ã–∏ÃÜ
                                                   –º–∞—è—Ç–Ω–∏–∫ –ø—Ä–µ–¥—Å...
You may provide a definition with
\DeclareUnicodeCharacter 


d:/tanki/University/PHYSICS/lab/lab3/lab3.tex:59: LaTeX Error: Unicode character ÃÜ (U+0306)
               not set up for use with LaTeX.

See the LaTeX manual or LaTeX Companion for explanation.
Type  H <return>  for immediate help.
 ...                                              
                                                  
l.59 ...–∏–∫ –ø—Ä–µ–¥—Å—Ç–∞–≤–ª—è–µ—Ç —Å–æ–±–æ–∏ÃÜ
                                                   –¥–∏—Å–∫ 1, –∑–∞–∫—Ä–µ–ø–...
You may provide a definition with
\DeclareUnicodeCharacter 


d:/tanki/University/PHYSICS/lab/lab3/lab3.tex:59: LaTeX Error: Unicode character ÃÜ (U+0306)
               not set up for use with LaTeX.

See the LaTeX manual or LaTeX Companion for explanation.
Type  H <return>  for immediate help.
 ...                                              
                                                  
l.59 ...Ü –¥–∏—Å–∫ 1, –∑–∞–∫—Ä–µ–ø–ª–µ–Ω- –Ω—ã–∏ÃÜ
                                                   –Ω–∞ —É–ø—Ä—É–≥–æ–∏ÃÜ —Å—...
You may provide a definition with
\DeclareUnicodeCharacter 


d:/tanki/University/PHYSICS/lab/lab3/lab3.tex:59: LaTeX Error: Unicode character ÃÜ (U+0306)
               not set up for use with LaTeX.

See the LaTeX manual or LaTeX Companion for explanation.
Type  H <return>  for immediate help.
 ...                                              
                                                  
l.59 ...–µ–ø–ª–µ–Ω- –Ω—ã–∏ÃÜ –Ω–∞ —É–ø—Ä—É–≥–æ–∏ÃÜ
                                                   —Å—Ç–∞–ª—å–Ω–æ–∏ÃÜ –ø—Ä–æ...
You may provide a definition with
\DeclareUnicodeCharacter 


d:/tanki/University/PHYSICS/lab/lab3/lab3.tex:59: LaTeX Error: Unicode character ÃÜ (U+0306)
               not set up for use with LaTeX.

See the LaTeX manual or LaTeX Companion for explanation.
Type  H <return>  for immediate help.
 ...                                              
                                                  
l.59 ...Ü –Ω–∞ —É–ø—Ä—É–≥–æ–∏ÃÜ —Å—Ç–∞–ª—å–Ω–æ–∏ÃÜ
                                                   –ø—Ä–æ–≤–æ–ª–æ–∫–µ 2, —Å–...
You may provide a definition with
\DeclareUnicodeCharacter 


d:/tanki/University/PHYSICS/lab/lab3/lab3.tex:59: LaTeX Error: Unicode character ÃÜ (U+0306)
               not set up for use with LaTeX.

See the LaTeX manual or LaTeX Companion for explanation.
Type  H <return>  for immediate help.
 ...                                              
                                                  
l.59 ...–ø—Ä–æ–≤–æ–ª–æ–∫–µ 2, —Å–≤–æ–±–æ–¥–Ω—ã–∏ÃÜ
                                                   –∫–æ–Ω–µ—Ü –∫–æ—Ç–æ—Ä–æ–∏...
You may provide a definition with
\DeclareUnicodeCharacter 


d:/tanki/University/PHYSICS/lab/lab3/lab3.tex:59: LaTeX Error: Unicode character ÃÜ (U+0306)
               not set up for use with LaTeX.

See the LaTeX manual or LaTeX Companion for explanation.
Type  H <return>  for immediate help.
 ...                                              
                                                  
l.59 ...–±–æ–¥–Ω—ã–∏ÃÜ –∫–æ–Ω–µ—Ü –∫–æ—Ç–æ—Ä–æ–∏ÃÜ
                                                   –∑–∞–∂–∞—Ç –≤ –Ω–µ–ø–æ–¥–...
You may provide a definition with
\DeclareUnicodeCharacter 


d:/tanki/University/PHYSICS/lab/lab3/lab3.tex:59: LaTeX Error: Unicode character ÃÜ (U+0306)
               not set up for use with LaTeX.

See the LaTeX manual or LaTeX Companion for explanation.
Type  H <return>  for immediate help.
 ...                                              
                                                  
l.59 ... –Ω–µ–ø–æ–¥–≤–∏–∂–Ω–æ–º –∫—Ä–æ–Ω—à—Ç–µ–∏ÃÜ
                                                  –Ω–µ 3. –ù–∞ –∫—Ä–æ–Ω—à—Ç–...
You may provide a definition with
\DeclareUnicodeCharacter 


d:/tanki/University/PHYSICS/lab/lab3/lab3.tex:59: LaTeX Error: Unicode character ÃÜ (U+0306)
               not set up for use with LaTeX.

See the LaTeX manual or LaTeX Companion for explanation.
Type  H <return>  for immediate help.
 ...                                              
                                                  
l.59 ...Ω—à—Ç–µ–∏ÃÜ–Ω–µ 3. –ù–∞ –∫—Ä–æ–Ω—à—Ç–µ–∏ÃÜ
                                                  –Ω–µ —Ä–∞—Å–ø–æ–ª–æ–∂–µ–Ω–...
You may provide a definition with
\DeclareUnicodeCharacter 


d:/tanki/University/PHYSICS/lab/lab3/lab3.tex:59: LaTeX Error: Unicode character ÃÜ (U+0306)
               not set up for use with LaTeX.

See the LaTeX manual or LaTeX Companion for explanation.
Type  H <return>  for immediate help.
 ...                                              
                                                  
l.59 .... –î–ª—è –æ—Ç—Å—á–µ—Ç–∞ –∑–Ω–∞—á–µ–Ω–∏–∏ÃÜ
                                                   —É–≥–ª–∞
You may provide a definition with
\DeclareUnicodeCharacter 


d:/tanki/University/PHYSICS/lab/lab3/lab3.tex:68: LaTeX Error: Unicode character ÃÜ (U+0306)
               not set up for use with LaTeX.

See the LaTeX manual or LaTeX Companion for explanation.
Type  H <return>  for immediate help.
 ...                                              
                                                  
l.68 ...µ—Ä—Ü–∏–∏ (–∞–Ω–∞–ª–æ–≥ –∏–Ω–µ—Ä—Ç–Ω–æ–∏ÃÜ
                                                   –º–∞—Å—Å—ã —Ç–µ–ª–∞ –ø—Ä–...
You may provide a definition with
\DeclareUnicodeCharacter 


d:/tanki/University/PHYSICS/lab/lab3/lab3.tex:69: LaTeX Error: Unicode character ÃÜ (U+0306)
               not set up for use with LaTeX.

See the LaTeX manual or LaTeX Companion for explanation.
Type  H <return>  for immediate help.
 ...                                              
                                                  
l.69 ...–∏–∑—É—é—â–∞—è –∏–Ω–µ—Ä—Ç–Ω—ã–µ —Å–≤–æ–∏ÃÜ
                                                  —Å—Ç–≤–∞ —Ç–≤–µ—Ä–¥–æ–≥–æ ...
You may provide a definition with
\DeclareUnicodeCharacter 


d:/tanki/University/PHYSICS/lab/lab3/lab3.tex:71: LaTeX Error: Unicode character ÃÜ (U+0306)
               not set up for use with LaTeX.

See the LaTeX manual or LaTeX Companion for explanation.
Type  H <return>  for immediate help.
 ...                                              
                                                  
l.71 ...—Å—è –≤–æ–∫—Ä—É–≥ –Ω–µ–ø–æ–¥–≤–∏–∂–Ω–æ–∏ÃÜ
                                                   –æ—Å–∏, —Ç–æ –º–æ–º–µ–Ω—Ç...
You may provide a definition with
\DeclareUnicodeCharacter 


d:/tanki/University/PHYSICS/lab/lab3/lab3.tex:71: LaTeX Error: Unicode character ÃÜ (U+0306)
               not set up for use with LaTeX.

See the LaTeX manual or LaTeX Companion for explanation.
Type  H <return>  for immediate help.
 ...                                              
                                                  
l.71 ...—Ü–∏–∏ –æ—Ç–Ω–æ—Å–∏—Ç–µ–ª—å–Ω–æ —ç—Ç–æ–∏ÃÜ
                                                   –æ—Å–∏ –≤—ã—á–∏—Å–ª—è–µ—Ç...
You may provide a definition with
\DeclareUnicodeCharacter 


d:/tanki/University/PHYSICS/lab/lab3/lab3.tex:71: LaTeX Error: Unicode character ÃÜ (U+0306)
               not set up for use with LaTeX.

See the LaTeX manual or LaTeX Companion for explanation.
Type  H <return>  for immediate help.
 ...                                              
                                                  
l.71 ...–∞–∫ —Å—É–º–º–∞ –ø—Ä–æ–∏–∑–≤–µ–¥–µ–Ω–∏–∏ÃÜ
                                                   —ç–ª–µ–º–µ–Ω—Ç–∞—Ä–Ω—ã—Ö ...
You may provide a definition with
\DeclareUnicodeCharacter 


d:/tanki/University/PHYSICS/lab/lab3/lab3.tex:71: LaTeX Error: Unicode character ÃÜ (U+0306)
               not set up for use with LaTeX.

See the LaTeX manual or LaTeX Companion for explanation.
Type  H <return>  for immediate help.
 ...                                              
                                                  
l.71 ...–≤–∞–¥—Ä–∞—Ç—ã –∏—Ö —Ä–∞—Å—Å—Ç–æ—è–Ω–∏–∏ÃÜ
                                                   $r_i$ –¥–æ –æ—Å–∏ –≤—Ä–∞—...
You may provide a definition with
\DeclareUnicodeCharacter 


d:/tanki/University/PHYSICS/lab/lab3/lab3.tex:73: LaTeX Error: Unicode character ÃÜ (U+0306)
               not set up for use with LaTeX.

See the LaTeX manual or LaTeX Companion for explanation.
Type  H <return>  for immediate help.
 ...                                              
                                                  
l.73 ...æ–∫—Ä—É–≥ –æ—Å–∏, —Å–æ–≤–ø–∞–¥–∞—é—â–µ–∏ÃÜ
                                                   —Å –Ω–∞–ø—Ä–∞–≤–ª–µ–Ω–∏–µ...
You may provide a definition with
\DeclareUnicodeCharacter 


d:/tanki/University/PHYSICS/lab/lab3/lab3.tex:73: LaTeX Error: Unicode character ÃÜ (U+0306)
               not set up for use with LaTeX.

See the LaTeX manual or LaTeX Companion for explanation.
Type  H <return>  for immediate help.
 ...                                              
                                                  
l.73 ...Ω–∞–ø—Ä–∞–≤–ª–µ–Ω–∏–µ–º —Å—Ç–∞–ª—å–Ω–æ–∏ÃÜ
                                                   –ø—Ä–æ–≤–æ–ª–æ–∫–∏. –ò—Å–...
You may provide a definition with
\DeclareUnicodeCharacter 

[1 <./ustanovka.jpg>]
<graph.jpg, id=25, 234.8775pt x 196.93575pt>
File: graph.jpg Graphic file (type jpg)
<use graph.jpg>
Package pdftex.def Info: graph.jpg  used on input line 79.
(pdftex.def)             Requested size: 117.00119pt x 98.101pt.


d:/tanki/University/PHYSICS/lab/lab3/lab3.tex:83: LaTeX Error: Unicode character ÃÜ (U+0306)
               not set up for use with LaTeX.

See the LaTeX manual or LaTeX Companion for explanation.
Type  H <return>  for immediate help.
 ...                                              
                                                  
l.83 ...–∞ –≤–æ–∑–Ω–∏–∫–∞–µ—Ç –≤—Ä–∞—â–∞—é—â–∏–∏ÃÜ
                                                   –º–æ–º–µ–Ω—Ç —É–ø—Ä—É–≥–∏...
You may provide a definition with
\DeclareUnicodeCharacter 


d:/tanki/University/PHYSICS/lab/lab3/lab3.tex:84: LaTeX Error: Unicode character ÃÜ (U+0306)
               not set up for use with LaTeX.

See the LaTeX manual or LaTeX Companion for explanation.
Type  H <return>  for immediate help.
 ...                                              
                                                  
l.84 ...—Å–µ —Å–æ–∑–¥–∞–µ—Ç —Ç–æ—Ä–º–æ–∑—è—â–∏–∏ÃÜ
                                                   –º–æ–º–µ–Ω—Ç, –ø—Ä–æ–ø–æ—...
You may provide a definition with
\DeclareUnicodeCharacter 


d:/tanki/University/PHYSICS/lab/lab3/lab3.tex:84: LaTeX Error: Unicode character ÃÜ (U+0306)
               not set up for use with LaTeX.

See the LaTeX manual or LaTeX Companion for explanation.
Type  H <return>  for immediate help.
 ...                                              
                                                  
l.84 ...–µ–Ω—Ç, –ø—Ä–æ–ø–æ—Ä—Ü–∏–æ–Ω–∞–ª—å–Ω—ã–∏ÃÜ
                                                   —Å–∫–æ—Ä–æ—Å—Ç–∏ –¥–≤–∏–∂...
You may provide a definition with
\DeclareUnicodeCharacter 


d:/tanki/University/PHYSICS/lab/lab3/lab3.tex:85: LaTeX Error: Unicode character ÃÜ (U+0306)
               not set up for use with LaTeX.

See the LaTeX manual or LaTeX Companion for explanation.
Type  H <return>  for immediate help.
 ...                                              
                                                  
l.85 –ò—Å—Å–ª–µ–¥—É–µ–º—ã–∏ÃÜ
                              –≤ —Ä–∞–±–æ—Ç–µ –∫—Ä—É—Ç–∏–ª—å–Ω—ã–∏ÃÜ –º–∞—è—...
You may provide a definition with
\DeclareUnicodeCharacter 


d:/tanki/University/PHYSICS/lab/lab3/lab3.tex:85: LaTeX Error: Unicode character ÃÜ (U+0306)
               not set up for use with LaTeX.

See the LaTeX manual or LaTeX Companion for explanation.
Type  H <return>  for immediate help.
 ...                                              
                                                  
l.85 ...∏ÃÜ –≤ —Ä–∞–±–æ—Ç–µ –∫—Ä—É—Ç–∏–ª—å–Ω—ã–∏ÃÜ
                                                   –º–∞—è—Ç–Ω–∏–∫ –ø—Ä–µ–¥—Å...
You may provide a definition with
\DeclareUnicodeCharacter 


d:/tanki/University/PHYSICS/lab/lab3/lab3.tex:85: LaTeX Error: Unicode character ÃÜ (U+0306)
               not set up for use with LaTeX.

See the LaTeX manual or LaTeX Companion for explanation.
Type  H <return>  for immediate help.
 ...                                              
                                                  
l.85 ...–∏–∫ –ø—Ä–µ–¥—Å—Ç–∞–≤–ª—è–µ—Ç —Å–æ–±–æ–∏ÃÜ
                                                   —Å–ª–æ–∂–Ω—É—é —Å–∏—Å—Ç–µ...
You may provide a definition with
\DeclareUnicodeCharacter 


d:/tanki/University/PHYSICS/lab/lab3/lab3.tex:85: LaTeX Error: Unicode character ÃÜ (U+0306)
               not set up for use with LaTeX.

See the LaTeX manual or LaTeX Companion for explanation.
Type  H <return>  for immediate help.
 ...                                              
                                                  
l.85 ...–µ–Ω–∏—è–º–∏, –ø—Ä–∏–∫—Ä–µ–ø–ª–µ–Ω–Ω—ã–∏ÃÜ
                                                   –∫ –ø—Ä–æ–≤–æ–ª–æ—á–Ω–æ–º...
You may provide a definition with
\DeclareUnicodeCharacter 


d:/tanki/University/PHYSICS/lab/lab3/lab3.tex:86: LaTeX Error: Unicode character ÃÜ (U+0306)
               not set up for use with LaTeX.

See the LaTeX manual or LaTeX Companion for explanation.
Type  H <return>  for immediate help.
 ...                                              
                                                  
l.86 –∫–æ—Ç–æ—Ä—ã–∏ÃÜ
                      –ø—Ä–µ–¥—Å—Ç–∞–≤–ª—è–µ—Ç —Å–æ–±–æ–∏ÃÜ –ø–æ—Å—Ç–æ—è–Ω–Ω...
You may provide a definition with
\DeclareUnicodeCharacter 


d:/tanki/University/PHYSICS/lab/lab3/lab3.tex:86: LaTeX Error: Unicode character ÃÜ (U+0306)
               not set up for use with LaTeX.

See the LaTeX manual or LaTeX Companion for explanation.
Type  H <return>  for immediate help.
 ...                                              
                                                  
l.86 ...–∏ÃÜ –ø—Ä–µ–¥—Å—Ç–∞–≤–ª—è–µ—Ç —Å–æ–±–æ–∏ÃÜ
                                                   –ø–æ—Å—Ç–æ—è–Ω–Ω—É—é —á–∞...
You may provide a definition with
\DeclareUnicodeCharacter 


d:/tanki/University/PHYSICS/lab/lab3/lab3.tex:86: LaTeX Error: Unicode character ÃÜ (U+0306)
               not set up for use with LaTeX.

See the LaTeX manual or LaTeX Companion for explanation.
Type  H <return>  for immediate help.
 ...                                              
                                                  
l.86 ...–Ω—É—é —á–∞—Å—Ç—å –∏—Å—Å–ª–µ–¥—É–µ–º–æ–∏ÃÜ
                                                   —Å–∏—Å—Ç–µ–º—ã. –ï—Å–ª–∏ ...
You may provide a definition with
\DeclareUnicodeCharacter 


Underfull \hbox (badness 2119) in paragraph at lines 83--87
[]\T2A/cmr/m/n/12 œË ÔÓ-‚Ó-Ó-ÚÂ ÚÂ-Î‡, Á‡-ÍÂÔ-ÎÂÌ-ÌÓ-„Ó Ì‡
 []


d:/tanki/University/PHYSICS/lab/lab3/lab3.tex:90: LaTeX Error: Unicode character ÃÜ (U+0306)
               not set up for use with LaTeX.

See the LaTeX manual or LaTeX Companion for explanation.
Type  H <return>  for immediate help.
 ...                                              
                                                  
l.90 ...–Ω–∞—è —ç–Ω–µ—Ä–≥–∏—è –∫–æ–ª–µ–±–∞–Ω–∏–∏ÃÜ
                                                   –º–∞—è—Ç–Ω–∏–∫–∞ —É–±—ã–≤...
You may provide a definition with
\DeclareUnicodeCharacter 


d:/tanki/University/PHYSICS/lab/lab3/lab3.tex:94: LaTeX Error: Unicode character ÃÜ (U+0306)
               not set up for use with LaTeX.

See the LaTeX manual or LaTeX Companion for explanation.
Type  H <return>  for immediate help.
 ...                                              
                                                  
l.94 –ø–æ–∑–≤–æ–ª—è—é—â–µ–∏ÃÜ
                              —Å—É–¥–∏—Ç—å –æ —Å–ø–æ—Å–æ–±–Ω–æ—Å—Ç–∏ —Å–∏—Å—...
You may provide a definition with
\DeclareUnicodeCharacter 


d:/tanki/University/PHYSICS/lab/lab3/lab3.tex:95: LaTeX Error: Unicode character ÃÜ (U+0306)
               not set up for use with LaTeX.

See the LaTeX manual or LaTeX Companion for explanation.
Type  H <return>  for immediate help.
 ...                                              
                                                  
l.95 ...—Ä–∞–≤–Ω–∞ —á–∏—Å–ª—É –∫–æ–ª–µ–±–∞–Ω–∏–∏ÃÜ
                                                   –∑–∞ –≤—Ä–µ–º—è $t = \tau...
You may provide a definition with
\DeclareUnicodeCharacter 


d:/tanki/University/PHYSICS/lab/lab3/lab3.tex:96: LaTeX Error: Unicode character ÃÜ (U+0306)
               not set up for use with LaTeX.

See the LaTeX manual or LaTeX Companion for explanation.
Type  H <return>  for immediate help.
 ...                                              
                                                  
l.96 ...—è –∞–º–ø–ª–∏—Ç—É–¥–∞ –∫–æ–ª–µ–±–∞–Ω–∏–∏ÃÜ
                                                   —É–º–µ–Ω—å—à–∞–µ—Ç—Å—è –≤...
You may provide a definition with
\DeclareUnicodeCharacter 


d:/tanki/University/PHYSICS/lab/lab3/lab3.tex:97: LaTeX Error: Unicode character ÃÜ (U+0306)
               not set up for use with LaTeX.

See the LaTeX manual or LaTeX Companion for explanation.
Type  H <return>  for immediate help.
 ...                                              
                                                  
l.97 –∞ —ç–Ω–µ—Ä–≥–∏—è –∫–æ–ª–µ–±–∞–Ω–∏–∏ÃÜ
                                            –≤ $e^{2\pi} \approx 535$ —Ä–∞–∑...
You may provide a definition with
\DeclareUnicodeCharacter 


d:/tanki/University/PHYSICS/lab/lab3/lab3.tex:98: LaTeX Error: Unicode character ÃÜ (U+0306)
               not set up for use with LaTeX.

See the LaTeX manual or LaTeX Companion for explanation.
Type  H <return>  for immediate help.
 ...                                              
                                                  
l.98 ...tau}{T}$ - —á–∏—Å–ª–æ –∫–æ–ª–µ–±–∞–Ω–∏–∏ÃÜ
                                                  , –∑–∞ –∫–æ—Ç–æ—Ä–æ–µ –∞–º...
You may provide a definition with
\DeclareUnicodeCharacter 


d:/tanki/University/PHYSICS/lab/lab3/lab3.tex:98: LaTeX Error: Unicode character ÃÜ (U+0306)
               not set up for use with LaTeX.

See the LaTeX manual or LaTeX Companion for explanation.
Type  H <return>  for immediate help.
 ...                                              
                                                  
l.98 ...–µ –∞–º–ø–ª–∏—Ç—É–¥–∞ –∫–æ–ª–µ–±–∞–Ω–∏–∏ÃÜ
                                                   —É–º–µ–Ω—å—à–∞–µ—Ç—Å—è –≤...
You may provide a definition with
\DeclareUnicodeCharacter 

[2 <./graph.jpg>]
<sdvig.jpg, id=31, 220.4235pt x 131.2905pt>
File: sdvig.jpg Graphic file (type jpg)
<use sdvig.jpg>
Package pdftex.def Info: sdvig.jpg  used on input line 104.
(pdftex.def)             Requested size: 117.00119pt x 69.68779pt.


d:/tanki/University/PHYSICS/lab/lab3/lab3.tex:108: LaTeX Error: Unicode character ÃÜ (U+0306)
               not set up for use with LaTeX.

See the LaTeX manual or LaTeX Companion for explanation.
Type  H <return>  for immediate help.
 ...                                              
                                                  
l.108 ...–∫—Ä—É—Ç–∏–ª—å–Ω—ã—Ö –∫–æ–ª–µ–±–∞–Ω–∏–∏ÃÜ
                                                   –ø–æ–ª—å–∑—É—é—Ç—Å—è –¥–ª...
You may provide a definition with
\DeclareUnicodeCharacter 


d:/tanki/University/PHYSICS/lab/lab3/lab3.tex:109: LaTeX Error: Unicode character ÃÜ (U+0306)
               not set up for use with LaTeX.

See the LaTeX manual or LaTeX Companion for explanation.
Type  H <return>  for immediate help.
 ...                                              
                                                  
l.109 ...Ç–µ—Ä–∏–∑—É–µ—Ç —É–ø—Ä—É–≥–∏–µ —Å–≤–æ–∏ÃÜ
                                                  —Å—Ç–≤–∞ –º–∞—Ç–µ—Ä–∏–∞–ª–...
You may provide a definition with
\DeclareUnicodeCharacter 


d:/tanki/University/PHYSICS/lab/lab3/lab3.tex:109: LaTeX Error: Unicode character ÃÜ (U+0306)
               not set up for use with LaTeX.

See the LaTeX manual or LaTeX Companion for explanation.
Type  H <return>  for immediate help.
 ...                                              
                                                  
l.109 ...É—á–∞–µ –º–∞–ª—ã—Ö –¥–µ—Ñ–æ—Ä–º–∞—Ü–∏–∏ÃÜ
                                                   —Ä–∞–≤–µ–Ω —Å–∏–ª–µ, –¥–µ...
You may provide a definition with
\DeclareUnicodeCharacter 


d:/tanki/University/PHYSICS/lab/lab3/lab3.tex:109: LaTeX Error: Unicode character ÃÜ (U+0306)
               not set up for use with LaTeX.

See the LaTeX manual or LaTeX Companion for explanation.
Type  H <return>  for immediate help.
 ...                                              
                                                  
l.109 ...º–∞—Ü–∏–∏ÃÜ —Ä–∞–≤–µ–Ω —Å–∏–ª–µ, –¥–µ–∏ÃÜ
                                                  —Å—Ç–≤—É—é—â–µ–∏ÃÜ –Ω–∞ –µ...
You may provide a definition with
\DeclareUnicodeCharacter 


d:/tanki/University/PHYSICS/lab/lab3/lab3.tex:109: LaTeX Error: Unicode character ÃÜ (U+0306)
               not set up for use with LaTeX.

See the LaTeX manual or LaTeX Companion for explanation.
Type  H <return>  for immediate help.
 ...                                              
                                                  
l.109 ...–µ–Ω —Å–∏–ª–µ, –¥–µ–∏ÃÜ—Å—Ç–≤—É—é—â–µ–∏ÃÜ
                                                   –Ω–∞ –µ–¥–∏–Ω–∏—Ü—É –ø–ª–...
You may provide a definition with
\DeclareUnicodeCharacter 


d:/tanki/University/PHYSICS/lab/lab3/lab3.tex:110: LaTeX Error: Unicode character ÃÜ (U+0306)
               not set up for use with LaTeX.

See the LaTeX manual or LaTeX Companion for explanation.
Type  H <return>  for immediate help.
 ...                                              
                                                  
l.110 ...–æ–ª—å–Ω–æ–π –æ—Ç–Ω–æ—Å–∏—Ç–µ–ª—å–Ω–æ–∏ÃÜ
                                                   –¥–µ—Ñ–æ—Ä–º–∞—Ü–∏–∏ –æ–±...
You may provide a definition with
\DeclareUnicodeCharacter 

[3 <./sdvig.jpg>]
Overfull \hbox (65.25748pt too wide) in paragraph at lines 118--127
[]  
 []

d:/tanki/University/PHYSICS/lab/lab3/lab3.tex:145: Missing $ inserted.
<inserted text> 
                $
l.145 }
       
I've inserted a begin-math/end-math symbol since I think
you left one out. Proceed, with fingers crossed.

d:/tanki/University/PHYSICS/lab/lab3/lab3.tex:145: Extra }, or forgotten $.
<template> \unskip \hfil }
                          \hskip \tabcolsep \hskip -.5\arrayrulewidth \vrule...
l.145 }
       
I've deleted a group-closing symbol because it seems to be
spurious, as in `$x}$'. But perhaps the } is legitimate and
you forgot something else, as in `\hbox{$x}'. In such cases
the way to recover is to insert both the forgotten and the
deleted material, e.g., by typing `I$}'.

d:/tanki/University/PHYSICS/lab/lab3/lab3.tex:145: Missing $ inserted.
<inserted text> 
                $
l.145 }
       
I've inserted a begin-math/end-math symbol since I think
you left one out. Proceed, with fingers crossed.

d:/tanki/University/PHYSICS/lab/lab3/lab3.tex:145: Missing } inserted.
<inserted text> 
                }
l.145 }
       
I've inserted something that you may have forgotten.
(See the <inserted text> above.)
With luck, this will get me unwedged. But if you
really didn't forget anything, try typing `2' now; then
my insertion and my current dilemma will both disappear.

d:/tanki/University/PHYSICS/lab/lab3/lab3.tex:145: Missing $ inserted.
<inserted text> 
                $
l.145 }
       
I've inserted a begin-math/end-math symbol since I think
you left one out. Proceed, with fingers crossed.

d:/tanki/University/PHYSICS/lab/lab3/lab3.tex:145: Extra }, or forgotten $.
<template> \unskip \hfil }
                          \hskip \tabcolsep \hskip -.5\arrayrulewidth \vrule...
l.145 }
       
I've deleted a group-closing symbol because it seems to be
spurious, as in `$x}$'. But perhaps the } is legitimate and
you forgot something else, as in `\hbox{$x}'. In such cases
the way to recover is to insert both the forgotten and the
deleted material, e.g., by typing `I$}'.

d:/tanki/University/PHYSICS/lab/lab3/lab3.tex:145: Missing $ inserted.
<inserted text> 
                $
l.145 }
       
I've inserted a begin-math/end-math symbol since I think
you left one out. Proceed, with fingers crossed.

d:/tanki/University/PHYSICS/lab/lab3/lab3.tex:145: Missing } inserted.
<inserted text> 
                }
l.145 }
       
I've inserted something that you may have forgotten.
(See the <inserted text> above.)
With luck, this will get me unwedged. But if you
really didn't forget anything, try typing `2' now; then
my insertion and my current dilemma will both disappear.

[4] [5]
Underfull \hbox (badness 10000) in paragraph at lines 173--175

 []


Underfull \hbox (badness 10000) in paragraph at lines 175--176

 []


Underfull \hbox (badness 10000) in paragraph at lines 176--177

 []


Underfull \hbox (badness 10000) in paragraph at lines 188--190

 []

[6]
Underfull \hbox (badness 10000) in paragraph at lines 207--209

 []


Underfull \hbox (badness 10000) in paragraph at lines 223--225

 []

[7] [8] [9] [10]
<yotx.ru (4).png, id=66, 472.01344pt x 474.27188pt>
File: yotx.ru (4).png Graphic file (type png)
<use yotx.ru (4).png>
Package pdftex.def Info: yotx.ru (4).png  used on input line 317.
(pdftex.def)             Requested size: 472.01228pt x 474.27072pt.
<yotx.ru (5).png, id=68, 472.01344pt x 474.27188pt>
File: yotx.ru (5).png Graphic file (type png)
<use yotx.ru (5).png>
Package pdftex.def Info: yotx.ru (5).png  used on input line 324.
(pdftex.def)             Requested size: 472.01228pt x 474.27072pt.


LaTeX Warning: `h' float specifier changed to `ht'.

[11 <./yotx.ru (4).png>] [12 <./yotx.ru (5).png>] (lab3.aux)

LaTeX Warning: Label(s) may have changed. Rerun to get cross-references right.

 ) 
Here is how much of TeX's memory you used:
 5034 strings out of 475284
 77344 string characters out of 2783919
 426750 words of memory out of 3000000
 26400 multiletter control sequences out of 15000+600000
 485059 words of font info for 68 fonts, out of 8000000 for 9000
 1141 hyphenation exceptions out of 8191
 55i,9n,62p,718b,269s stack positions out of 10000i,1000n,20000p,200000b,80000s
 <C:\Users\tanki\AppData\Local\MiKTeX\fonts/pk/ljfour/lh/lh-t2a/dpi600\labx1200.pk> <C:\Users\tanki\AppData\Local\MiKTeX\fonts/pk/ljfour/jknappen/ec/dpi600\tcrm1200.pk> <C:\Users\tanki\AppData\Local\MiKTeX\fonts/pk/ljfour/lh/lh-t2a/dpi600\labx1440.pk> <C:\Users\tanki\AppData\Local\MiKTeX\fonts/pk/ljfour/lh/lh-t2a/dpi600\larm1200.pk> <C:\Users\tanki\AppData\Local\MiKTeX\fonts/pk/ljfour/lh/lh-t2a/dpi600\lati1200.pk> <C:\Users\tanki\AppData\Local\MiKTeX\fonts/pk/ljfour/lh/lh-t2a/dpi600\labx1728.pk> <C:\Users\tanki\AppData\Local\MiKTeX\fonts/pk/ljfour/lh/lh-t2a/dpi600\larm1000.pk> <C:\Users\tanki\AppData\Local\MiKTeX\fonts/pk/ljfour/lh/lh-t2a/dpi600\lati1440.pk> <C:\Users\tanki\AppData\Local\MiKTeX\fonts/pk/ljfour/lh/lh-t2a/dpi600\larm2488.pk> <C:\Users\tanki\AppData\Local\MiKTeX\fonts/pk/ljfour/lh/lh-t2a/dpi600\larm1440.pk><D:/Program Files/MiKTeX/fonts/type1/public/amsfonts/cm/cmex10.pfb><D:/Program Files/MiKTeX/fonts/type1/public/amsfonts/cm/cmmi10.pfb><D:/Program Files/MiKTeX/fonts/type1/public/amsfonts/cm/cmmi12.pfb><D:/Program Files/MiKTeX/fonts/type1/public/amsfonts/cm/cmmi6.pfb><D:/Program Files/MiKTeX/fonts/type1/public/amsfonts/cm/cmmi8.pfb><D:/Program Files/MiKTeX/fonts/type1/public/amsfonts/cm/cmr10.pfb><D:/Program Files/MiKTeX/fonts/type1/public/amsfonts/cm/cmr12.pfb><D:/Program Files/MiKTeX/fonts/type1/public/amsfonts/cm/cmr6.pfb><D:/Program Files/MiKTeX/fonts/type1/public/amsfonts/cm/cmr8.pfb><D:/Program Files/MiKTeX/fonts/type1/public/amsfonts/cm/cmsy10.pfb><D:/Program Files/MiKTeX/fonts/type1/public/amsfonts/cm/cmsy6.pfb><D:/Program Files/MiKTeX/fonts/type1/public/amsfonts/cm/cmsy8.pfb>
Output written on lab3.pdf (13 pages, 384431 bytes).
PDF statistics:
 425 PDF objects out of 1000 (max. 8388607)
 0 named destinations out of 1000 (max. 500000)
 46 words of extra memory for PDF output out of 10000 (max. 10000000)

